<?xml version="1.0" encoding="UTF-8"?>
<testsuite xmlns:xsi="http://www.w3.org/2001/XMLSchema-instance" xsi:noNamespaceSchemaLocation="https://maven.apache.org/surefire/maven-failsafe-plugin/xsd/failsafe-test-report-3.0.xsd" version="3.0" name="io.quarkus.grpc.examples.hello.HelloWorldServiceIT" time="0.016" tests="2" errors="0" skipped="0" failures="0">
  <properties>
    <property name="java.specification.version" value="24"/>
    <property name="test.url" value="http://localhost:8081"/>
    <property name="sun.jnu.encoding" value="UTF-8"/>
    <property name="java.class.path" value="/Users/sergio/Desktop/Sergio/Programacion/Java/Quarkus/quarkus-quickstarts/grpc-plain-text-quickstart/target/test-classes:/Users/sergio/Desktop/Sergio/Programacion/Java/Quarkus/quarkus-quickstarts/grpc-plain-text-quickstart/target/grpc-plain-text-quickstart-1.0.0-SNAPSHOT.jar:/Users/sergio/.m2/repository/io/quarkus/quarkus-rest/3.22.3/quarkus-rest-3.22.3.jar:/Users/sergio/.m2/repository/io/quarkus/quarkus-rest-common/3.22.3/quarkus-rest-common-3.22.3.jar:/Users/sergio/.m2/repository/io/quarkus/resteasy/reactive/resteasy-reactive-common/3.22.3/resteasy-reactive-common-3.22.3.jar:/Users/sergio/.m2/repository/io/quarkus/resteasy/reactive/resteasy-reactive-common-types/3.22.3/resteasy-reactive-common-types-3.22.3.jar:/Users/sergio/.m2/repository/org/reactivestreams/reactive-streams/1.0.4/reactive-streams-1.0.4.jar:/Users/sergio/.m2/repository/io/smallrye/reactive/mutiny-zero-flow-adapters/1.1.1/mutiny-zero-flow-adapters-1.1.1.jar:/Users/sergio/.m2/repository/io/quarkus/quarkus-vertx/3.22.3/quarkus-vertx-3.22.3.jar:/Users/sergio/.m2/repository/io/quarkus/quarkus-netty/3.22.3/quarkus-netty-3.22.3.jar:/Users/sergio/.m2/repository/io/netty/netty-codec/4.1.119.Final/netty-codec-4.1.119.Final.jar:/Users/sergio/.m2/repository/io/netty/netty-codec-haproxy/4.1.119.Final/netty-codec-haproxy-4.1.119.Final.jar:/Users/sergio/.m2/repository/io/quarkus/quarkus-vertx-latebound-mdc-provider/3.22.3/quarkus-vertx-latebound-mdc-provider-3.22.3.jar:/Users/sergio/.m2/repository/io/smallrye/smallrye-fault-tolerance-vertx/6.9.1/smallrye-fault-tolerance-vertx-6.9.1.jar:/Users/sergio/.m2/repository/io/quarkus/resteasy/reactive/resteasy-reactive-vertx/3.22.3/resteasy-reactive-vertx-3.22.3.jar:/Users/sergio/.m2/repository/io/vertx/vertx-web/4.5.14/vertx-web-4.5.14.jar:/Users/sergio/.m2/repository/io/vertx/vertx-web-common/4.5.14/vertx-web-common-4.5.14.jar:/Users/sergio/.m2/repository/io/vertx/vertx-auth-common/4.5.14/vertx-auth-common-4.5.14.jar:/Users/sergio/.m2/repository/io/vertx/vertx-bridge-common/4.5.14/vertx-bridge-common-4.5.14.jar:/Users/sergio/.m2/repository/io/smallrye/reactive/smallrye-mutiny-vertx-core/3.18.1/smallrye-mutiny-vertx-core-3.18.1.jar:/Users/sergio/.m2/repository/io/smallrye/reactive/smallrye-mutiny-vertx-runtime/3.18.1/smallrye-mutiny-vertx-runtime-3.18.1.jar:/Users/sergio/.m2/repository/io/smallrye/reactive/vertx-mutiny-generator/3.18.1/vertx-mutiny-generator-3.18.1.jar:/Users/sergio/.m2/repository/io/vertx/vertx-codegen/4.5.14/vertx-codegen-4.5.14.jar:/Users/sergio/.m2/repository/io/quarkus/resteasy/reactive/resteasy-reactive/3.22.3/resteasy-reactive-3.22.3.jar:/Users/sergio/.m2/repository/io/quarkus/vertx/utils/quarkus-vertx-utils/3.22.3/quarkus-vertx-utils-3.22.3.jar:/Users/sergio/.m2/repository/jakarta/enterprise/jakarta.enterprise.cdi-api/4.1.0/jakarta.enterprise.cdi-api-4.1.0.jar:/Users/sergio/.m2/repository/jakarta/enterprise/jakarta.enterprise.lang-model/4.1.0/jakarta.enterprise.lang-model-4.1.0.jar:/Users/sergio/.m2/repository/jakarta/el/jakarta.el-api/5.0.1/jakarta.el-api-5.0.1.jar:/Users/sergio/.m2/repository/jakarta/interceptor/jakarta.interceptor-api/2.2.0/jakarta.interceptor-api-2.2.0.jar:/Users/sergio/.m2/repository/jakarta/ws/rs/jakarta.ws.rs-api/3.1.0/jakarta.ws.rs-api-3.1.0.jar:/Users/sergio/.m2/repository/org/jboss/logging/commons-logging-jboss-logging/1.0.0.Final/commons-logging-jboss-logging-1.0.0.Final.jar:/Users/sergio/.m2/repository/jakarta/xml/bind/jakarta.xml.bind-api/4.0.2/jakarta.xml.bind-api-4.0.2.jar:/Users/sergio/.m2/repository/jakarta/activation/jakarta.activation-api/2.1.3/jakarta.activation-api-2.1.3.jar:/Users/sergio/.m2/repository/org/jboss/logging/jboss-logging/3.6.1.Final/jboss-logging-3.6.1.Final.jar:/Users/sergio/.m2/repository/io/quarkus/quarkus-vertx-http/3.22.3/quarkus-vertx-http-3.22.3.jar:/Users/sergio/.m2/repository/io/quarkus/quarkus-security-runtime-spi/3.22.3/quarkus-security-runtime-spi-3.22.3.jar:/Users/sergio/.m2/repository/io/quarkus/quarkus-tls-registry/3.22.3/quarkus-tls-registry-3.22.3.jar:/Users/sergio/.m2/repository/io/quarkus/quarkus-tls-registry-spi/3.22.3/quarkus-tls-registry-spi-3.22.3.jar:/Users/sergio/.m2/repository/io/smallrye/certs/smallrye-private-key-pem-parser/0.9.2/smallrye-private-key-pem-parser-0.9.2.jar:/Users/sergio/.m2/repository/io/quarkus/quarkus-credentials/3.22.3/quarkus-credentials-3.22.3.jar:/Users/sergio/.m2/repository/io/smallrye/reactive/smallrye-mutiny-vertx-web/3.18.1/smallrye-mutiny-vertx-web-3.18.1.jar:/Users/sergio/.m2/repository/io/smallrye/reactive/smallrye-mutiny-vertx-web-common/3.18.1/smallrye-mutiny-vertx-web-common-3.18.1.jar:/Users/sergio/.m2/repository/io/smallrye/reactive/smallrye-mutiny-vertx-auth-common/3.18.1/smallrye-mutiny-vertx-auth-common-3.18.1.jar:/Users/sergio/.m2/repository/io/smallrye/reactive/smallrye-mutiny-vertx-bridge-common/3.18.1/smallrye-mutiny-vertx-bridge-common-3.18.1.jar:/Users/sergio/.m2/repository/io/smallrye/reactive/smallrye-mutiny-vertx-uri-template/3.18.1/smallrye-mutiny-vertx-uri-template-3.18.1.jar:/Users/sergio/.m2/repository/io/vertx/vertx-uri-template/4.5.14/vertx-uri-template-4.5.14.jar:/Users/sergio/.m2/repository/io/github/crac/org-crac/0.1.3/org-crac-0.1.3.jar:/Users/sergio/.m2/repository/com/aayushatharva/brotli4j/brotli4j/1.16.0/brotli4j-1.16.0.jar:/Users/sergio/.m2/repository/com/aayushatharva/brotli4j/service/1.16.0/service-1.16.0.jar:/Users/sergio/.m2/repository/com/aayushatharva/brotli4j/native-osx-aarch64/1.16.0/native-osx-aarch64-1.16.0.jar:/Users/sergio/.m2/repository/io/quarkus/quarkus-jsonp/3.22.3/quarkus-jsonp-3.22.3.jar:/Users/sergio/.m2/repository/org/eclipse/parsson/parsson/1.1.7/parsson-1.1.7.jar:/Users/sergio/.m2/repository/jakarta/json/jakarta.json-api/2.1.3/jakarta.json-api-2.1.3.jar:/Users/sergio/.m2/repository/io/quarkus/quarkus-virtual-threads/3.22.3/quarkus-virtual-threads-3.22.3.jar:/Users/sergio/.m2/repository/io/vertx/vertx-core/4.5.14/vertx-core-4.5.14.jar:/Users/sergio/.m2/repository/io/netty/netty-common/4.1.119.Final/netty-common-4.1.119.Final.jar:/Users/sergio/.m2/repository/io/netty/netty-buffer/4.1.119.Final/netty-buffer-4.1.119.Final.jar:/Users/sergio/.m2/repository/io/netty/netty-transport/4.1.119.Final/netty-transport-4.1.119.Final.jar:/Users/sergio/.m2/repository/io/netty/netty-handler/4.1.119.Final/netty-handler-4.1.119.Final.jar:/Users/sergio/.m2/repository/io/netty/netty-transport-native-unix-common/4.1.119.Final/netty-transport-native-unix-common-4.1.119.Final.jar:/Users/sergio/.m2/repository/io/netty/netty-handler-proxy/4.1.119.Final/netty-handler-proxy-4.1.119.Final.jar:/Users/sergio/.m2/repository/io/netty/netty-codec-socks/4.1.119.Final/netty-codec-socks-4.1.119.Final.jar:/Users/sergio/.m2/repository/io/netty/netty-codec-http/4.1.119.Final/netty-codec-http-4.1.119.Final.jar:/Users/sergio/.m2/repository/io/netty/netty-codec-http2/4.1.119.Final/netty-codec-http2-4.1.119.Final.jar:/Users/sergio/.m2/repository/io/netty/netty-resolver/4.1.119.Final/netty-resolver-4.1.119.Final.jar:/Users/sergio/.m2/repository/io/netty/netty-resolver-dns/4.1.119.Final/netty-resolver-dns-4.1.119.Final.jar:/Users/sergio/.m2/repository/io/netty/netty-codec-dns/4.1.119.Final/netty-codec-dns-4.1.119.Final.jar:/Users/sergio/.m2/repository/com/fasterxml/jackson/core/jackson-core/2.18.3/jackson-core-2.18.3.jar:/Users/sergio/.m2/repository/io/quarkus/quarkus-grpc/3.22.3/quarkus-grpc-3.22.3.jar:/Users/sergio/.m2/repository/jakarta/annotation/jakarta.annotation-api/3.0.0/jakarta.annotation-api-3.0.0.jar:/Users/sergio/.m2/repository/io/quarkus/quarkus-grpc-api/3.22.3/quarkus-grpc-api-3.22.3.jar:/Users/sergio/.m2/repository/io/quarkus/arc/arc/3.22.3/arc-3.22.3.jar:/Users/sergio/.m2/repository/jakarta/transaction/jakarta.transaction-api/2.0.1/jakarta.transaction-api-2.0.1.jar:/Users/sergio/.m2/repository/io/quarkus/quarkus-grpc-common/3.22.3/quarkus-grpc-common-3.22.3.jar:/Users/sergio/.m2/repository/io/vertx/vertx-grpc/4.5.14/vertx-grpc-4.5.14.jar:/Users/sergio/.m2/repository/io/grpc/grpc-netty/1.69.1/grpc-netty-1.69.1.jar:/Users/sergio/.m2/repository/io/grpc/grpc-util/1.69.1/grpc-util-1.69.1.jar:/Users/sergio/.m2/repository/io/vertx/vertx-grpc-server/4.5.14/vertx-grpc-server-4.5.14.jar:/Users/sergio/.m2/repository/io/vertx/vertx-grpc-common/4.5.14/vertx-grpc-common-4.5.14.jar:/Users/sergio/.m2/repository/io/vertx/vertx-grpc-client/4.5.14/vertx-grpc-client-4.5.14.jar:/Users/sergio/.m2/repository/io/grpc/grpc-core/1.69.1/grpc-core-1.69.1.jar:/Users/sergio/.m2/repository/io/perfmark/perfmark-api/0.27.0/perfmark-api-0.27.0.jar:/Users/sergio/.m2/repository/io/grpc/grpc-context/1.69.1/grpc-context-1.69.1.jar:/Users/sergio/.m2/repository/io/quarkus/quarkus-grpc-reflection/3.22.3/quarkus-grpc-reflection-3.22.3.jar:/Users/sergio/.m2/repository/io/grpc/grpc-protobuf/1.69.1/grpc-protobuf-1.69.1.jar:/Users/sergio/.m2/repository/com/google/api/grpc/proto-google-common-protos/2.54.1/proto-google-common-protos-2.54.1.jar:/Users/sergio/.m2/repository/io/grpc/grpc-protobuf-lite/1.69.1/grpc-protobuf-lite-1.69.1.jar:/Users/sergio/.m2/repository/io/smallrye/reactive/mutiny/2.8.0/mutiny-2.8.0.jar:/Users/sergio/.m2/repository/org/jctools/jctools-core/4.0.5/jctools-core-4.0.5.jar:/Users/sergio/.m2/repository/io/quarkus/quarkus-core/3.22.3/quarkus-core-3.22.3.jar:/Users/sergio/.m2/repository/jakarta/inject/jakarta.inject-api/2.0.1/jakarta.inject-api-2.0.1.jar:/Users/sergio/.m2/repository/io/smallrye/common/smallrye-common-os/2.12.0/smallrye-common-os-2.12.0.jar:/Users/sergio/.m2/repository/io/quarkus/quarkus-ide-launcher/3.22.3/quarkus-ide-launcher-3.22.3.jar:/Users/sergio/.m2/repository/io/quarkus/quarkus-development-mode-spi/3.22.3/quarkus-development-mode-spi-3.22.3.jar:/Users/sergio/.m2/repository/io/smallrye/config/smallrye-config/3.12.4/smallrye-config-3.12.4.jar:/Users/sergio/.m2/repository/io/smallrye/config/smallrye-config-core/3.12.4/smallrye-config-core-3.12.4.jar:/Users/sergio/.m2/repository/org/eclipse/microprofile/config/microprofile-config-api/3.1/microprofile-config-api-3.1.jar:/Users/sergio/.m2/repository/io/smallrye/common/smallrye-common-classloader/2.12.0/smallrye-common-classloader-2.12.0.jar:/Users/sergio/.m2/repository/io/smallrye/config/smallrye-config-common/3.12.4/smallrye-config-common-3.12.4.jar:/Users/sergio/.m2/repository/org/jboss/logmanager/jboss-logmanager/3.1.2.Final/jboss-logmanager-3.1.2.Final.jar:/Users/sergio/.m2/repository/io/smallrye/common/smallrye-common-cpu/2.12.0/smallrye-common-cpu-2.12.0.jar:/Users/sergio/.m2/repository/io/smallrye/common/smallrye-common-expression/2.12.0/smallrye-common-expression-2.12.0.jar:/Users/sergio/.m2/repository/io/smallrye/common/smallrye-common-net/2.12.0/smallrye-common-net-2.12.0.jar:/Users/sergio/.m2/repository/io/smallrye/common/smallrye-common-ref/2.12.0/smallrye-common-ref-2.12.0.jar:/Users/sergio/.m2/repository/org/jboss/threads/jboss-threads/3.8.0.Final/jboss-threads-3.8.0.Final.jar:/Users/sergio/.m2/repository/io/smallrye/common/smallrye-common-function/2.12.0/smallrye-common-function-2.12.0.jar:/Users/sergio/.m2/repository/org/slf4j/slf4j-api/2.0.6/slf4j-api-2.0.6.jar:/Users/sergio/.m2/repository/org/jboss/slf4j/slf4j-jboss-logmanager/2.0.0.Final/slf4j-jboss-logmanager-2.0.0.Final.jar:/Users/sergio/.m2/repository/org/wildfly/common/wildfly-common/2.0.1/wildfly-common-2.0.1.jar:/Users/sergio/.m2/repository/io/quarkus/quarkus-bootstrap-runner/3.22.3/quarkus-bootstrap-runner-3.22.3.jar:/Users/sergio/.m2/repository/io/quarkus/quarkus-fs-util/1.0.0/quarkus-fs-util-1.0.0.jar:/Users/sergio/.m2/repository/io/quarkus/quarkus-arc/3.22.3/quarkus-arc-3.22.3.jar:/Users/sergio/.m2/repository/org/eclipse/microprofile/context-propagation/microprofile-context-propagation-api/1.3/microprofile-context-propagation-api-1.3.jar:/Users/sergio/.m2/repository/io/quarkus/security/quarkus-security/2.2.1/quarkus-security-2.2.1.jar:/Users/sergio/.m2/repository/io/quarkus/quarkus-smallrye-stork/3.22.3/quarkus-smallrye-stork-3.22.3.jar:/Users/sergio/.m2/repository/io/smallrye/stork/stork-api/2.7.3/stork-api-2.7.3.jar:/Users/sergio/.m2/repository/io/smallrye/stork/stork-core/2.7.3/stork-core-2.7.3.jar:/Users/sergio/.m2/repository/io/quarkus/quarkus-grpc-stubs/3.22.3/quarkus-grpc-stubs-3.22.3.jar:/Users/sergio/.m2/repository/io/grpc/grpc-stub/1.69.1/grpc-stub-1.69.1.jar:/Users/sergio/.m2/repository/io/grpc/grpc-api/1.69.1/grpc-api-1.69.1.jar:/Users/sergio/.m2/repository/com/google/guava/guava/33.4.8-jre/guava-33.4.8-jre.jar:/Users/sergio/.m2/repository/com/google/guava/failureaccess/1.0.1/failureaccess-1.0.1.jar:/Users/sergio/.m2/repository/org/jspecify/jspecify/1.0.0/jspecify-1.0.0.jar:/Users/sergio/.m2/repository/com/google/errorprone/error_prone_annotations/2.37.0/error_prone_annotations-2.37.0.jar:/Users/sergio/.m2/repository/com/google/protobuf/protobuf-java-util/3.25.5/protobuf-java-util-3.25.5.jar:/Users/sergio/.m2/repository/com/google/protobuf/protobuf-java/3.25.5/protobuf-java-3.25.5.jar:/Users/sergio/.m2/repository/com/google/code/findbugs/jsr305/3.0.2/jsr305-3.0.2.jar:/Users/sergio/.m2/repository/com/google/code/gson/gson/2.13.0/gson-2.13.0.jar:/Users/sergio/.m2/repository/com/google/j2objc/j2objc-annotations/2.8/j2objc-annotations-2.8.jar:/Users/sergio/.m2/repository/io/quarkus/quarkus-mutiny/3.22.3/quarkus-mutiny-3.22.3.jar:/Users/sergio/.m2/repository/io/quarkus/quarkus-smallrye-context-propagation/3.22.3/quarkus-smallrye-context-propagation-3.22.3.jar:/Users/sergio/.m2/repository/io/smallrye/smallrye-context-propagation/2.2.1/smallrye-context-propagation-2.2.1.jar:/Users/sergio/.m2/repository/io/smallrye/smallrye-context-propagation-api/2.2.1/smallrye-context-propagation-api-2.2.1.jar:/Users/sergio/.m2/repository/io/smallrye/smallrye-context-propagation-storage/2.2.1/smallrye-context-propagation-storage-2.2.1.jar:/Users/sergio/.m2/repository/io/smallrye/reactive/mutiny-smallrye-context-propagation/2.8.0/mutiny-smallrye-context-propagation-2.8.0.jar:/Users/sergio/.m2/repository/io/smallrye/common/smallrye-common-annotation/2.12.0/smallrye-common-annotation-2.12.0.jar:/Users/sergio/.m2/repository/io/smallrye/common/smallrye-common-vertx-context/2.12.0/smallrye-common-vertx-context-2.12.0.jar:/Users/sergio/.m2/repository/io/smallrye/common/smallrye-common-constraint/2.12.0/smallrye-common-constraint-2.12.0.jar:/Users/sergio/.m2/repository/io/quarkus/quarkus-junit5/3.22.3/quarkus-junit5-3.22.3.jar:/Users/sergio/.m2/repository/io/quarkus/quarkus-bootstrap-core/3.22.3/quarkus-bootstrap-core-3.22.3.jar:/Users/sergio/.m2/repository/io/quarkus/quarkus-classloader-commons/3.22.3/quarkus-classloader-commons-3.22.3.jar:/Users/sergio/.m2/repository/io/quarkus/quarkus-bootstrap-app-model/3.22.3/quarkus-bootstrap-app-model-3.22.3.jar:/Users/sergio/.m2/repository/io/smallrye/common/smallrye-common-io/2.12.0/smallrye-common-io-2.12.0.jar:/Users/sergio/.m2/repository/org/eclipse/sisu/org.eclipse.sisu.inject/0.9.0.M3/org.eclipse.sisu.inject-0.9.0.M3.jar:/Users/sergio/.m2/repository/io/quarkus/quarkus-test-common/3.22.3/quarkus-test-common-3.22.3.jar:/Users/sergio/.m2/repository/io/quarkus/quarkus-core-deployment/3.22.3/quarkus-core-deployment-3.22.3.jar:/Users/sergio/.m2/repository/org/aesh/readline/2.6/readline-2.6.jar:/Users/sergio/.m2/repository/org/fusesource/jansi/jansi/2.4.0/jansi-2.4.0.jar:/Users/sergio/.m2/repository/org/aesh/aesh/2.8.2/aesh-2.8.2.jar:/Users/sergio/.m2/repository/io/quarkus/gizmo/gizmo/1.9.0/gizmo-1.9.0.jar:/Users/sergio/.m2/repository/org/ow2/asm/asm-util/9.8/asm-util-9.8.jar:/Users/sergio/.m2/repository/org/ow2/asm/asm-analysis/9.8/asm-analysis-9.8.jar:/Users/sergio/.m2/repository/org/ow2/asm/asm/9.8/asm-9.8.jar:/Users/sergio/.m2/repository/org/ow2/asm/asm-commons/9.8/asm-commons-9.8.jar:/Users/sergio/.m2/repository/org/ow2/asm/asm-tree/9.8/asm-tree-9.8.jar:/Users/sergio/.m2/repository/io/quarkus/quarkus-hibernate-validator-spi/3.22.3/quarkus-hibernate-validator-spi-3.22.3.jar:/Users/sergio/.m2/repository/io/quarkus/quarkus-class-change-agent/3.22.3/quarkus-class-change-agent-3.22.3.jar:/Users/sergio/.m2/repository/io/quarkus/quarkus-devtools-utilities/3.22.3/quarkus-devtools-utilities-3.22.3.jar:/Users/sergio/.m2/repository/io/quarkus/quarkus-builder/3.22.3/quarkus-builder-3.22.3.jar:/Users/sergio/.m2/repository/org/graalvm/sdk/nativeimage/23.1.2/nativeimage-23.1.2.jar:/Users/sergio/.m2/repository/org/graalvm/sdk/word/23.1.2/word-23.1.2.jar:/Users/sergio/.m2/repository/org/junit/platform/junit-platform-launcher/1.12.2/junit-platform-launcher-1.12.2.jar:/Users/sergio/.m2/repository/io/quarkus/quarkus-bootstrap-maven-resolver/3.22.3/quarkus-bootstrap-maven-resolver-3.22.3.jar:/Users/sergio/.m2/repository/io/smallrye/beanbag/smallrye-beanbag-maven/1.5.2/smallrye-beanbag-maven-1.5.2.jar:/Users/sergio/.m2/repository/io/smallrye/beanbag/smallrye-beanbag-sisu/1.5.2/smallrye-beanbag-sisu-1.5.2.jar:/Users/sergio/.m2/repository/io/smallrye/beanbag/smallrye-beanbag/1.5.2/smallrye-beanbag-1.5.2.jar:/Users/sergio/.m2/repository/javax/inject/javax.inject/1/javax.inject-1.jar:/Users/sergio/.m2/repository/org/apache/maven/maven-artifact/3.9.9/maven-artifact-3.9.9.jar:/Users/sergio/.m2/repository/org/apache/maven/maven-builder-support/3.9.9/maven-builder-support-3.9.9.jar:/Users/sergio/.m2/repository/org/apache/maven/maven-model/3.9.9/maven-model-3.9.9.jar:/Users/sergio/.m2/repository/org/apache/maven/maven-model-builder/3.9.9/maven-model-builder-3.9.9.jar:/Users/sergio/.m2/repository/org/apache/maven/maven-repository-metadata/3.9.9/maven-repository-metadata-3.9.9.jar:/Users/sergio/.m2/repository/org/apache/maven/maven-settings/3.9.9/maven-settings-3.9.9.jar:/Users/sergio/.m2/repository/org/apache/maven/resolver/maven-resolver-api/1.9.22/maven-resolver-api-1.9.22.jar:/Users/sergio/.m2/repository/org/apache/maven/resolver/maven-resolver-impl/1.9.22/maven-resolver-impl-1.9.22.jar:/Users/sergio/.m2/repository/org/apache/maven/resolver/maven-resolver-named-locks/1.9.22/maven-resolver-named-locks-1.9.22.jar:/Users/sergio/.m2/repository/org/apache/maven/resolver/maven-resolver-spi/1.9.22/maven-resolver-spi-1.9.22.jar:/Users/sergio/.m2/repository/org/apache/maven/resolver/maven-resolver-util/1.9.22/maven-resolver-util-1.9.22.jar:/Users/sergio/.m2/repository/org/apache/maven/resolver/maven-resolver-transport-http/1.9.20/maven-resolver-transport-http-1.9.20.jar:/Users/sergio/.m2/repository/org/apache/maven/wagon/wagon-provider-api/3.5.3/wagon-provider-api-3.5.3.jar:/Users/sergio/.m2/repository/org/apache/maven/wagon/wagon-http-shared/3.5.3/wagon-http-shared-3.5.3.jar:/Users/sergio/.m2/repository/org/codehaus/plexus/plexus-interpolation/1.26/plexus-interpolation-1.26.jar:/Users/sergio/.m2/repository/org/codehaus/plexus/plexus-utils/3.5.1/plexus-utils-3.5.1.jar:/Users/sergio/.m2/repository/org/codehaus/plexus/plexus-xml/4.0.1/plexus-xml-4.0.1.jar:/Users/sergio/.m2/repository/org/apache/maven/maven-xml-impl/4.0.0-alpha-5/maven-xml-impl-4.0.0-alpha-5.jar:/Users/sergio/.m2/repository/org/apache/maven/maven-api-xml/4.0.0-alpha-5/maven-api-xml-4.0.0-alpha-5.jar:/Users/sergio/.m2/repository/org/apache/maven/maven-api-meta/4.0.0-alpha-5/maven-api-meta-4.0.0-alpha-5.jar:/Users/sergio/.m2/repository/org/codehaus/plexus/plexus-cipher/2.0/plexus-cipher-2.0.jar:/Users/sergio/.m2/repository/org/codehaus/plexus/plexus-sec-dispatcher/2.0/plexus-sec-dispatcher-2.0.jar:/Users/sergio/.m2/repository/org/apache/maven/maven-embedder/3.9.9/maven-embedder-3.9.9.jar:/Users/sergio/.m2/repository/org/apache/maven/maven-core/3.9.9/maven-core-3.9.9.jar:/Users/sergio/.m2/repository/org/codehaus/plexus/plexus-component-annotations/2.1.0/plexus-component-annotations-2.1.0.jar:/Users/sergio/.m2/repository/org/apache/maven/maven-plugin-api/3.9.9/maven-plugin-api-3.9.9.jar:/Users/sergio/.m2/repository/org/apache/maven/shared/maven-shared-utils/3.4.2/maven-shared-utils-3.4.2.jar:/Users/sergio/.m2/repository/com/google/inject/guice/5.1.0/guice-5.1.0.jar:/Users/sergio/.m2/repository/aopalliance/aopalliance/1.0/aopalliance-1.0.jar:/Users/sergio/.m2/repository/javax/annotation/javax.annotation-api/1.3.2/javax.annotation-api-1.3.2.jar:/Users/sergio/.m2/repository/org/codehaus/plexus/plexus-classworlds/2.6.0/plexus-classworlds-2.6.0.jar:/Users/sergio/.m2/repository/commons-cli/commons-cli/1.8.0/commons-cli-1.8.0.jar:/Users/sergio/.m2/repository/org/eclipse/sisu/org.eclipse.sisu.plexus/0.9.0.M3/org.eclipse.sisu.plexus-0.9.0.M3.jar:/Users/sergio/.m2/repository/org/apache/maven/maven-settings-builder/3.9.9/maven-settings-builder-3.9.9.jar:/Users/sergio/.m2/repository/org/apache/maven/maven-resolver-provider/3.9.9/maven-resolver-provider-3.9.9.jar:/Users/sergio/.m2/repository/org/apache/maven/resolver/maven-resolver-connector-basic/1.9.22/maven-resolver-connector-basic-1.9.22.jar:/Users/sergio/.m2/repository/org/apache/maven/resolver/maven-resolver-transport-wagon/1.9.22/maven-resolver-transport-wagon-1.9.22.jar:/Users/sergio/.m2/repository/org/apache/maven/wagon/wagon-http/3.5.3/wagon-http-3.5.3.jar:/Users/sergio/.m2/repository/org/apache/maven/wagon/wagon-file/3.5.3/wagon-file-3.5.3.jar:/Users/sergio/.m2/repository/io/quarkus/quarkus-bootstrap-gradle-resolver/3.22.3/quarkus-bootstrap-gradle-resolver-3.22.3.jar:/Users/sergio/.m2/repository/io/smallrye/jandex/3.3.1/jandex-3.3.1.jar:/Users/sergio/.m2/repository/commons-io/commons-io/2.19.0/commons-io-2.19.0.jar:/Users/sergio/.m2/repository/io/quarkus/quarkus-junit5-config/3.22.3/quarkus-junit5-config-3.22.3.jar:/Users/sergio/.m2/repository/org/junit/jupiter/junit-jupiter-api/5.12.2/junit-jupiter-api-5.12.2.jar:/Users/sergio/.m2/repository/org/opentest4j/opentest4j/1.3.0/opentest4j-1.3.0.jar:/Users/sergio/.m2/repository/org/junit/platform/junit-platform-commons/1.12.2/junit-platform-commons-1.12.2.jar:/Users/sergio/.m2/repository/org/apiguardian/apiguardian-api/1.1.2/apiguardian-api-1.1.2.jar:/Users/sergio/.m2/repository/org/junit/jupiter/junit-jupiter/5.12.2/junit-jupiter-5.12.2.jar:/Users/sergio/.m2/repository/org/junit/jupiter/junit-jupiter-params/5.12.2/junit-jupiter-params-5.12.2.jar:/Users/sergio/.m2/repository/org/junit/jupiter/junit-jupiter-engine/5.12.2/junit-jupiter-engine-5.12.2.jar:/Users/sergio/.m2/repository/org/junit/platform/junit-platform-engine/1.12.2/junit-platform-engine-1.12.2.jar:/Users/sergio/.m2/repository/io/rest-assured/rest-assured/5.5.1/rest-assured-5.5.1.jar:/Users/sergio/.m2/repository/org/apache/groovy/groovy/4.0.22/groovy-4.0.22.jar:/Users/sergio/.m2/repository/org/apache/groovy/groovy-xml/4.0.22/groovy-xml-4.0.22.jar:/Users/sergio/.m2/repository/org/apache/httpcomponents/httpclient/4.5.14/httpclient-4.5.14.jar:/Users/sergio/.m2/repository/org/apache/httpcomponents/httpcore/4.4.16/httpcore-4.4.16.jar:/Users/sergio/.m2/repository/commons-codec/commons-codec/1.18.0/commons-codec-1.18.0.jar:/Users/sergio/.m2/repository/org/apache/httpcomponents/httpmime/4.5.14/httpmime-4.5.14.jar:/Users/sergio/.m2/repository/org/hamcrest/hamcrest/2.2/hamcrest-2.2.jar:/Users/sergio/.m2/repository/org/ccil/cowan/tagsoup/tagsoup/1.2.1/tagsoup-1.2.1.jar:/Users/sergio/.m2/repository/io/rest-assured/json-path/5.5.1/json-path-5.5.1.jar:/Users/sergio/.m2/repository/org/apache/groovy/groovy-json/4.0.22/groovy-json-4.0.22.jar:/Users/sergio/.m2/repository/io/rest-assured/rest-assured-common/5.5.1/rest-assured-common-5.5.1.jar:/Users/sergio/.m2/repository/io/rest-assured/xml-path/5.5.1/xml-path-5.5.1.jar:/Users/sergio/.m2/repository/org/apache/commons/commons-lang3/3.17.0/commons-lang3-3.17.0.jar:/Users/sergio/.m2/repository/org/awaitility/awaitility/4.3.0/awaitility-4.3.0.jar:/Users/sergio/.m2/repository/org/assertj/assertj-core/3.22.0/assertj-core-3.22.0.jar:"/>
    <property name="native.image.path" value="/Users/sergio/Desktop/Sergio/Programacion/Java/Quarkus/quarkus-quickstarts/grpc-plain-text-quickstart/target/grpc-plain-text-quickstart-1.0.0-SNAPSHOT-runner"/>
    <property name="java.vm.vendor" value="Oracle Corporation"/>
    <property name="sun.arch.data.model" value="64"/>
    <property name="java.vendor.url" value="https://java.oracle.com/"/>
    <property name="user.timezone" value="Europe/Madrid"/>
    <property name="os.name" value="Mac OS X"/>
    <property name="java.vm.specification.version" value="24"/>
    <property name="sun.java.launcher" value="SUN_STANDARD"/>
    <property name="user.country" value="ES"/>
    <property name="groovy.use.classvalue" value="false"/>
    <property name="quarkus.http.test-port" value="8081"/>
    <property name="sun.boot.library.path" value="/Library/Java/JavaVirtualMachines/graalvm-jdk-24.0.1+9.1/Contents/Home/lib"/>
    <property name="sun.java.command" value="/Users/sergio/Desktop/Sergio/Programacion/Java/Quarkus/quarkus-quickstarts/grpc-plain-text-quickstart/target/surefire/surefirebooter-20250521115403375_3.jar /Users/sergio/Desktop/Sergio/Programacion/Java/Quarkus/quarkus-quickstarts/grpc-plain-text-quickstart/target/surefire 2025-05-21T11-54-03_350-jvmRun1 surefire-20250521115403375_1tmp surefire_0-20250521115403375_2tmp"/>
    <property name="http.nonProxyHosts" value="local|*.local|169.254/16|*.169.254/16"/>
    <property name="jdk.debug" value="release"/>
    <property name="surefire.test.class.path" value="/Users/sergio/Desktop/Sergio/Programacion/Java/Quarkus/quarkus-quickstarts/grpc-plain-text-quickstart/target/test-classes:/Users/sergio/Desktop/Sergio/Programacion/Java/Quarkus/quarkus-quickstarts/grpc-plain-text-quickstart/target/grpc-plain-text-quickstart-1.0.0-SNAPSHOT.jar:/Users/sergio/.m2/repository/io/quarkus/quarkus-rest/3.22.3/quarkus-rest-3.22.3.jar:/Users/sergio/.m2/repository/io/quarkus/quarkus-rest-common/3.22.3/quarkus-rest-common-3.22.3.jar:/Users/sergio/.m2/repository/io/quarkus/resteasy/reactive/resteasy-reactive-common/3.22.3/resteasy-reactive-common-3.22.3.jar:/Users/sergio/.m2/repository/io/quarkus/resteasy/reactive/resteasy-reactive-common-types/3.22.3/resteasy-reactive-common-types-3.22.3.jar:/Users/sergio/.m2/repository/org/reactivestreams/reactive-streams/1.0.4/reactive-streams-1.0.4.jar:/Users/sergio/.m2/repository/io/smallrye/reactive/mutiny-zero-flow-adapters/1.1.1/mutiny-zero-flow-adapters-1.1.1.jar:/Users/sergio/.m2/repository/io/quarkus/quarkus-vertx/3.22.3/quarkus-vertx-3.22.3.jar:/Users/sergio/.m2/repository/io/quarkus/quarkus-netty/3.22.3/quarkus-netty-3.22.3.jar:/Users/sergio/.m2/repository/io/netty/netty-codec/4.1.119.Final/netty-codec-4.1.119.Final.jar:/Users/sergio/.m2/repository/io/netty/netty-codec-haproxy/4.1.119.Final/netty-codec-haproxy-4.1.119.Final.jar:/Users/sergio/.m2/repository/io/quarkus/quarkus-vertx-latebound-mdc-provider/3.22.3/quarkus-vertx-latebound-mdc-provider-3.22.3.jar:/Users/sergio/.m2/repository/io/smallrye/smallrye-fault-tolerance-vertx/6.9.1/smallrye-fault-tolerance-vertx-6.9.1.jar:/Users/sergio/.m2/repository/io/quarkus/resteasy/reactive/resteasy-reactive-vertx/3.22.3/resteasy-reactive-vertx-3.22.3.jar:/Users/sergio/.m2/repository/io/vertx/vertx-web/4.5.14/vertx-web-4.5.14.jar:/Users/sergio/.m2/repository/io/vertx/vertx-web-common/4.5.14/vertx-web-common-4.5.14.jar:/Users/sergio/.m2/repository/io/vertx/vertx-auth-common/4.5.14/vertx-auth-common-4.5.14.jar:/Users/sergio/.m2/repository/io/vertx/vertx-bridge-common/4.5.14/vertx-bridge-common-4.5.14.jar:/Users/sergio/.m2/repository/io/smallrye/reactive/smallrye-mutiny-vertx-core/3.18.1/smallrye-mutiny-vertx-core-3.18.1.jar:/Users/sergio/.m2/repository/io/smallrye/reactive/smallrye-mutiny-vertx-runtime/3.18.1/smallrye-mutiny-vertx-runtime-3.18.1.jar:/Users/sergio/.m2/repository/io/smallrye/reactive/vertx-mutiny-generator/3.18.1/vertx-mutiny-generator-3.18.1.jar:/Users/sergio/.m2/repository/io/vertx/vertx-codegen/4.5.14/vertx-codegen-4.5.14.jar:/Users/sergio/.m2/repository/io/quarkus/resteasy/reactive/resteasy-reactive/3.22.3/resteasy-reactive-3.22.3.jar:/Users/sergio/.m2/repository/io/quarkus/vertx/utils/quarkus-vertx-utils/3.22.3/quarkus-vertx-utils-3.22.3.jar:/Users/sergio/.m2/repository/jakarta/enterprise/jakarta.enterprise.cdi-api/4.1.0/jakarta.enterprise.cdi-api-4.1.0.jar:/Users/sergio/.m2/repository/jakarta/enterprise/jakarta.enterprise.lang-model/4.1.0/jakarta.enterprise.lang-model-4.1.0.jar:/Users/sergio/.m2/repository/jakarta/el/jakarta.el-api/5.0.1/jakarta.el-api-5.0.1.jar:/Users/sergio/.m2/repository/jakarta/interceptor/jakarta.interceptor-api/2.2.0/jakarta.interceptor-api-2.2.0.jar:/Users/sergio/.m2/repository/jakarta/ws/rs/jakarta.ws.rs-api/3.1.0/jakarta.ws.rs-api-3.1.0.jar:/Users/sergio/.m2/repository/org/jboss/logging/commons-logging-jboss-logging/1.0.0.Final/commons-logging-jboss-logging-1.0.0.Final.jar:/Users/sergio/.m2/repository/jakarta/xml/bind/jakarta.xml.bind-api/4.0.2/jakarta.xml.bind-api-4.0.2.jar:/Users/sergio/.m2/repository/jakarta/activation/jakarta.activation-api/2.1.3/jakarta.activation-api-2.1.3.jar:/Users/sergio/.m2/repository/org/jboss/logging/jboss-logging/3.6.1.Final/jboss-logging-3.6.1.Final.jar:/Users/sergio/.m2/repository/io/quarkus/quarkus-vertx-http/3.22.3/quarkus-vertx-http-3.22.3.jar:/Users/sergio/.m2/repository/io/quarkus/quarkus-security-runtime-spi/3.22.3/quarkus-security-runtime-spi-3.22.3.jar:/Users/sergio/.m2/repository/io/quarkus/quarkus-tls-registry/3.22.3/quarkus-tls-registry-3.22.3.jar:/Users/sergio/.m2/repository/io/quarkus/quarkus-tls-registry-spi/3.22.3/quarkus-tls-registry-spi-3.22.3.jar:/Users/sergio/.m2/repository/io/smallrye/certs/smallrye-private-key-pem-parser/0.9.2/smallrye-private-key-pem-parser-0.9.2.jar:/Users/sergio/.m2/repository/io/quarkus/quarkus-credentials/3.22.3/quarkus-credentials-3.22.3.jar:/Users/sergio/.m2/repository/io/smallrye/reactive/smallrye-mutiny-vertx-web/3.18.1/smallrye-mutiny-vertx-web-3.18.1.jar:/Users/sergio/.m2/repository/io/smallrye/reactive/smallrye-mutiny-vertx-web-common/3.18.1/smallrye-mutiny-vertx-web-common-3.18.1.jar:/Users/sergio/.m2/repository/io/smallrye/reactive/smallrye-mutiny-vertx-auth-common/3.18.1/smallrye-mutiny-vertx-auth-common-3.18.1.jar:/Users/sergio/.m2/repository/io/smallrye/reactive/smallrye-mutiny-vertx-bridge-common/3.18.1/smallrye-mutiny-vertx-bridge-common-3.18.1.jar:/Users/sergio/.m2/repository/io/smallrye/reactive/smallrye-mutiny-vertx-uri-template/3.18.1/smallrye-mutiny-vertx-uri-template-3.18.1.jar:/Users/sergio/.m2/repository/io/vertx/vertx-uri-template/4.5.14/vertx-uri-template-4.5.14.jar:/Users/sergio/.m2/repository/io/github/crac/org-crac/0.1.3/org-crac-0.1.3.jar:/Users/sergio/.m2/repository/com/aayushatharva/brotli4j/brotli4j/1.16.0/brotli4j-1.16.0.jar:/Users/sergio/.m2/repository/com/aayushatharva/brotli4j/service/1.16.0/service-1.16.0.jar:/Users/sergio/.m2/repository/com/aayushatharva/brotli4j/native-osx-aarch64/1.16.0/native-osx-aarch64-1.16.0.jar:/Users/sergio/.m2/repository/io/quarkus/quarkus-jsonp/3.22.3/quarkus-jsonp-3.22.3.jar:/Users/sergio/.m2/repository/org/eclipse/parsson/parsson/1.1.7/parsson-1.1.7.jar:/Users/sergio/.m2/repository/jakarta/json/jakarta.json-api/2.1.3/jakarta.json-api-2.1.3.jar:/Users/sergio/.m2/repository/io/quarkus/quarkus-virtual-threads/3.22.3/quarkus-virtual-threads-3.22.3.jar:/Users/sergio/.m2/repository/io/vertx/vertx-core/4.5.14/vertx-core-4.5.14.jar:/Users/sergio/.m2/repository/io/netty/netty-common/4.1.119.Final/netty-common-4.1.119.Final.jar:/Users/sergio/.m2/repository/io/netty/netty-buffer/4.1.119.Final/netty-buffer-4.1.119.Final.jar:/Users/sergio/.m2/repository/io/netty/netty-transport/4.1.119.Final/netty-transport-4.1.119.Final.jar:/Users/sergio/.m2/repository/io/netty/netty-handler/4.1.119.Final/netty-handler-4.1.119.Final.jar:/Users/sergio/.m2/repository/io/netty/netty-transport-native-unix-common/4.1.119.Final/netty-transport-native-unix-common-4.1.119.Final.jar:/Users/sergio/.m2/repository/io/netty/netty-handler-proxy/4.1.119.Final/netty-handler-proxy-4.1.119.Final.jar:/Users/sergio/.m2/repository/io/netty/netty-codec-socks/4.1.119.Final/netty-codec-socks-4.1.119.Final.jar:/Users/sergio/.m2/repository/io/netty/netty-codec-http/4.1.119.Final/netty-codec-http-4.1.119.Final.jar:/Users/sergio/.m2/repository/io/netty/netty-codec-http2/4.1.119.Final/netty-codec-http2-4.1.119.Final.jar:/Users/sergio/.m2/repository/io/netty/netty-resolver/4.1.119.Final/netty-resolver-4.1.119.Final.jar:/Users/sergio/.m2/repository/io/netty/netty-resolver-dns/4.1.119.Final/netty-resolver-dns-4.1.119.Final.jar:/Users/sergio/.m2/repository/io/netty/netty-codec-dns/4.1.119.Final/netty-codec-dns-4.1.119.Final.jar:/Users/sergio/.m2/repository/com/fasterxml/jackson/core/jackson-core/2.18.3/jackson-core-2.18.3.jar:/Users/sergio/.m2/repository/io/quarkus/quarkus-grpc/3.22.3/quarkus-grpc-3.22.3.jar:/Users/sergio/.m2/repository/jakarta/annotation/jakarta.annotation-api/3.0.0/jakarta.annotation-api-3.0.0.jar:/Users/sergio/.m2/repository/io/quarkus/quarkus-grpc-api/3.22.3/quarkus-grpc-api-3.22.3.jar:/Users/sergio/.m2/repository/io/quarkus/arc/arc/3.22.3/arc-3.22.3.jar:/Users/sergio/.m2/repository/jakarta/transaction/jakarta.transaction-api/2.0.1/jakarta.transaction-api-2.0.1.jar:/Users/sergio/.m2/repository/io/quarkus/quarkus-grpc-common/3.22.3/quarkus-grpc-common-3.22.3.jar:/Users/sergio/.m2/repository/io/vertx/vertx-grpc/4.5.14/vertx-grpc-4.5.14.jar:/Users/sergio/.m2/repository/io/grpc/grpc-netty/1.69.1/grpc-netty-1.69.1.jar:/Users/sergio/.m2/repository/io/grpc/grpc-util/1.69.1/grpc-util-1.69.1.jar:/Users/sergio/.m2/repository/io/vertx/vertx-grpc-server/4.5.14/vertx-grpc-server-4.5.14.jar:/Users/sergio/.m2/repository/io/vertx/vertx-grpc-common/4.5.14/vertx-grpc-common-4.5.14.jar:/Users/sergio/.m2/repository/io/vertx/vertx-grpc-client/4.5.14/vertx-grpc-client-4.5.14.jar:/Users/sergio/.m2/repository/io/grpc/grpc-core/1.69.1/grpc-core-1.69.1.jar:/Users/sergio/.m2/repository/io/perfmark/perfmark-api/0.27.0/perfmark-api-0.27.0.jar:/Users/sergio/.m2/repository/io/grpc/grpc-context/1.69.1/grpc-context-1.69.1.jar:/Users/sergio/.m2/repository/io/quarkus/quarkus-grpc-reflection/3.22.3/quarkus-grpc-reflection-3.22.3.jar:/Users/sergio/.m2/repository/io/grpc/grpc-protobuf/1.69.1/grpc-protobuf-1.69.1.jar:/Users/sergio/.m2/repository/com/google/api/grpc/proto-google-common-protos/2.54.1/proto-google-common-protos-2.54.1.jar:/Users/sergio/.m2/repository/io/grpc/grpc-protobuf-lite/1.69.1/grpc-protobuf-lite-1.69.1.jar:/Users/sergio/.m2/repository/io/smallrye/reactive/mutiny/2.8.0/mutiny-2.8.0.jar:/Users/sergio/.m2/repository/org/jctools/jctools-core/4.0.5/jctools-core-4.0.5.jar:/Users/sergio/.m2/repository/io/quarkus/quarkus-core/3.22.3/quarkus-core-3.22.3.jar:/Users/sergio/.m2/repository/jakarta/inject/jakarta.inject-api/2.0.1/jakarta.inject-api-2.0.1.jar:/Users/sergio/.m2/repository/io/smallrye/common/smallrye-common-os/2.12.0/smallrye-common-os-2.12.0.jar:/Users/sergio/.m2/repository/io/quarkus/quarkus-ide-launcher/3.22.3/quarkus-ide-launcher-3.22.3.jar:/Users/sergio/.m2/repository/io/quarkus/quarkus-development-mode-spi/3.22.3/quarkus-development-mode-spi-3.22.3.jar:/Users/sergio/.m2/repository/io/smallrye/config/smallrye-config/3.12.4/smallrye-config-3.12.4.jar:/Users/sergio/.m2/repository/io/smallrye/config/smallrye-config-core/3.12.4/smallrye-config-core-3.12.4.jar:/Users/sergio/.m2/repository/org/eclipse/microprofile/config/microprofile-config-api/3.1/microprofile-config-api-3.1.jar:/Users/sergio/.m2/repository/io/smallrye/common/smallrye-common-classloader/2.12.0/smallrye-common-classloader-2.12.0.jar:/Users/sergio/.m2/repository/io/smallrye/config/smallrye-config-common/3.12.4/smallrye-config-common-3.12.4.jar:/Users/sergio/.m2/repository/org/jboss/logmanager/jboss-logmanager/3.1.2.Final/jboss-logmanager-3.1.2.Final.jar:/Users/sergio/.m2/repository/io/smallrye/common/smallrye-common-cpu/2.12.0/smallrye-common-cpu-2.12.0.jar:/Users/sergio/.m2/repository/io/smallrye/common/smallrye-common-expression/2.12.0/smallrye-common-expression-2.12.0.jar:/Users/sergio/.m2/repository/io/smallrye/common/smallrye-common-net/2.12.0/smallrye-common-net-2.12.0.jar:/Users/sergio/.m2/repository/io/smallrye/common/smallrye-common-ref/2.12.0/smallrye-common-ref-2.12.0.jar:/Users/sergio/.m2/repository/org/jboss/threads/jboss-threads/3.8.0.Final/jboss-threads-3.8.0.Final.jar:/Users/sergio/.m2/repository/io/smallrye/common/smallrye-common-function/2.12.0/smallrye-common-function-2.12.0.jar:/Users/sergio/.m2/repository/org/slf4j/slf4j-api/2.0.6/slf4j-api-2.0.6.jar:/Users/sergio/.m2/repository/org/jboss/slf4j/slf4j-jboss-logmanager/2.0.0.Final/slf4j-jboss-logmanager-2.0.0.Final.jar:/Users/sergio/.m2/repository/org/wildfly/common/wildfly-common/2.0.1/wildfly-common-2.0.1.jar:/Users/sergio/.m2/repository/io/quarkus/quarkus-bootstrap-runner/3.22.3/quarkus-bootstrap-runner-3.22.3.jar:/Users/sergio/.m2/repository/io/quarkus/quarkus-fs-util/1.0.0/quarkus-fs-util-1.0.0.jar:/Users/sergio/.m2/repository/io/quarkus/quarkus-arc/3.22.3/quarkus-arc-3.22.3.jar:/Users/sergio/.m2/repository/org/eclipse/microprofile/context-propagation/microprofile-context-propagation-api/1.3/microprofile-context-propagation-api-1.3.jar:/Users/sergio/.m2/repository/io/quarkus/security/quarkus-security/2.2.1/quarkus-security-2.2.1.jar:/Users/sergio/.m2/repository/io/quarkus/quarkus-smallrye-stork/3.22.3/quarkus-smallrye-stork-3.22.3.jar:/Users/sergio/.m2/repository/io/smallrye/stork/stork-api/2.7.3/stork-api-2.7.3.jar:/Users/sergio/.m2/repository/io/smallrye/stork/stork-core/2.7.3/stork-core-2.7.3.jar:/Users/sergio/.m2/repository/io/quarkus/quarkus-grpc-stubs/3.22.3/quarkus-grpc-stubs-3.22.3.jar:/Users/sergio/.m2/repository/io/grpc/grpc-stub/1.69.1/grpc-stub-1.69.1.jar:/Users/sergio/.m2/repository/io/grpc/grpc-api/1.69.1/grpc-api-1.69.1.jar:/Users/sergio/.m2/repository/com/google/guava/guava/33.4.8-jre/guava-33.4.8-jre.jar:/Users/sergio/.m2/repository/com/google/guava/failureaccess/1.0.1/failureaccess-1.0.1.jar:/Users/sergio/.m2/repository/org/jspecify/jspecify/1.0.0/jspecify-1.0.0.jar:/Users/sergio/.m2/repository/com/google/errorprone/error_prone_annotations/2.37.0/error_prone_annotations-2.37.0.jar:/Users/sergio/.m2/repository/com/google/protobuf/protobuf-java-util/3.25.5/protobuf-java-util-3.25.5.jar:/Users/sergio/.m2/repository/com/google/protobuf/protobuf-java/3.25.5/protobuf-java-3.25.5.jar:/Users/sergio/.m2/repository/com/google/code/findbugs/jsr305/3.0.2/jsr305-3.0.2.jar:/Users/sergio/.m2/repository/com/google/code/gson/gson/2.13.0/gson-2.13.0.jar:/Users/sergio/.m2/repository/com/google/j2objc/j2objc-annotations/2.8/j2objc-annotations-2.8.jar:/Users/sergio/.m2/repository/io/quarkus/quarkus-mutiny/3.22.3/quarkus-mutiny-3.22.3.jar:/Users/sergio/.m2/repository/io/quarkus/quarkus-smallrye-context-propagation/3.22.3/quarkus-smallrye-context-propagation-3.22.3.jar:/Users/sergio/.m2/repository/io/smallrye/smallrye-context-propagation/2.2.1/smallrye-context-propagation-2.2.1.jar:/Users/sergio/.m2/repository/io/smallrye/smallrye-context-propagation-api/2.2.1/smallrye-context-propagation-api-2.2.1.jar:/Users/sergio/.m2/repository/io/smallrye/smallrye-context-propagation-storage/2.2.1/smallrye-context-propagation-storage-2.2.1.jar:/Users/sergio/.m2/repository/io/smallrye/reactive/mutiny-smallrye-context-propagation/2.8.0/mutiny-smallrye-context-propagation-2.8.0.jar:/Users/sergio/.m2/repository/io/smallrye/common/smallrye-common-annotation/2.12.0/smallrye-common-annotation-2.12.0.jar:/Users/sergio/.m2/repository/io/smallrye/common/smallrye-common-vertx-context/2.12.0/smallrye-common-vertx-context-2.12.0.jar:/Users/sergio/.m2/repository/io/smallrye/common/smallrye-common-constraint/2.12.0/smallrye-common-constraint-2.12.0.jar:/Users/sergio/.m2/repository/io/quarkus/quarkus-junit5/3.22.3/quarkus-junit5-3.22.3.jar:/Users/sergio/.m2/repository/io/quarkus/quarkus-bootstrap-core/3.22.3/quarkus-bootstrap-core-3.22.3.jar:/Users/sergio/.m2/repository/io/quarkus/quarkus-classloader-commons/3.22.3/quarkus-classloader-commons-3.22.3.jar:/Users/sergio/.m2/repository/io/quarkus/quarkus-bootstrap-app-model/3.22.3/quarkus-bootstrap-app-model-3.22.3.jar:/Users/sergio/.m2/repository/io/smallrye/common/smallrye-common-io/2.12.0/smallrye-common-io-2.12.0.jar:/Users/sergio/.m2/repository/org/eclipse/sisu/org.eclipse.sisu.inject/0.9.0.M3/org.eclipse.sisu.inject-0.9.0.M3.jar:/Users/sergio/.m2/repository/io/quarkus/quarkus-test-common/3.22.3/quarkus-test-common-3.22.3.jar:/Users/sergio/.m2/repository/io/quarkus/quarkus-core-deployment/3.22.3/quarkus-core-deployment-3.22.3.jar:/Users/sergio/.m2/repository/org/aesh/readline/2.6/readline-2.6.jar:/Users/sergio/.m2/repository/org/fusesource/jansi/jansi/2.4.0/jansi-2.4.0.jar:/Users/sergio/.m2/repository/org/aesh/aesh/2.8.2/aesh-2.8.2.jar:/Users/sergio/.m2/repository/io/quarkus/gizmo/gizmo/1.9.0/gizmo-1.9.0.jar:/Users/sergio/.m2/repository/org/ow2/asm/asm-util/9.8/asm-util-9.8.jar:/Users/sergio/.m2/repository/org/ow2/asm/asm-analysis/9.8/asm-analysis-9.8.jar:/Users/sergio/.m2/repository/org/ow2/asm/asm/9.8/asm-9.8.jar:/Users/sergio/.m2/repository/org/ow2/asm/asm-commons/9.8/asm-commons-9.8.jar:/Users/sergio/.m2/repository/org/ow2/asm/asm-tree/9.8/asm-tree-9.8.jar:/Users/sergio/.m2/repository/io/quarkus/quarkus-hibernate-validator-spi/3.22.3/quarkus-hibernate-validator-spi-3.22.3.jar:/Users/sergio/.m2/repository/io/quarkus/quarkus-class-change-agent/3.22.3/quarkus-class-change-agent-3.22.3.jar:/Users/sergio/.m2/repository/io/quarkus/quarkus-devtools-utilities/3.22.3/quarkus-devtools-utilities-3.22.3.jar:/Users/sergio/.m2/repository/io/quarkus/quarkus-builder/3.22.3/quarkus-builder-3.22.3.jar:/Users/sergio/.m2/repository/org/graalvm/sdk/nativeimage/23.1.2/nativeimage-23.1.2.jar:/Users/sergio/.m2/repository/org/graalvm/sdk/word/23.1.2/word-23.1.2.jar:/Users/sergio/.m2/repository/org/junit/platform/junit-platform-launcher/1.12.2/junit-platform-launcher-1.12.2.jar:/Users/sergio/.m2/repository/io/quarkus/quarkus-bootstrap-maven-resolver/3.22.3/quarkus-bootstrap-maven-resolver-3.22.3.jar:/Users/sergio/.m2/repository/io/smallrye/beanbag/smallrye-beanbag-maven/1.5.2/smallrye-beanbag-maven-1.5.2.jar:/Users/sergio/.m2/repository/io/smallrye/beanbag/smallrye-beanbag-sisu/1.5.2/smallrye-beanbag-sisu-1.5.2.jar:/Users/sergio/.m2/repository/io/smallrye/beanbag/smallrye-beanbag/1.5.2/smallrye-beanbag-1.5.2.jar:/Users/sergio/.m2/repository/javax/inject/javax.inject/1/javax.inject-1.jar:/Users/sergio/.m2/repository/org/apache/maven/maven-artifact/3.9.9/maven-artifact-3.9.9.jar:/Users/sergio/.m2/repository/org/apache/maven/maven-builder-support/3.9.9/maven-builder-support-3.9.9.jar:/Users/sergio/.m2/repository/org/apache/maven/maven-model/3.9.9/maven-model-3.9.9.jar:/Users/sergio/.m2/repository/org/apache/maven/maven-model-builder/3.9.9/maven-model-builder-3.9.9.jar:/Users/sergio/.m2/repository/org/apache/maven/maven-repository-metadata/3.9.9/maven-repository-metadata-3.9.9.jar:/Users/sergio/.m2/repository/org/apache/maven/maven-settings/3.9.9/maven-settings-3.9.9.jar:/Users/sergio/.m2/repository/org/apache/maven/resolver/maven-resolver-api/1.9.22/maven-resolver-api-1.9.22.jar:/Users/sergio/.m2/repository/org/apache/maven/resolver/maven-resolver-impl/1.9.22/maven-resolver-impl-1.9.22.jar:/Users/sergio/.m2/repository/org/apache/maven/resolver/maven-resolver-named-locks/1.9.22/maven-resolver-named-locks-1.9.22.jar:/Users/sergio/.m2/repository/org/apache/maven/resolver/maven-resolver-spi/1.9.22/maven-resolver-spi-1.9.22.jar:/Users/sergio/.m2/repository/org/apache/maven/resolver/maven-resolver-util/1.9.22/maven-resolver-util-1.9.22.jar:/Users/sergio/.m2/repository/org/apache/maven/resolver/maven-resolver-transport-http/1.9.20/maven-resolver-transport-http-1.9.20.jar:/Users/sergio/.m2/repository/org/apache/maven/wagon/wagon-provider-api/3.5.3/wagon-provider-api-3.5.3.jar:/Users/sergio/.m2/repository/org/apache/maven/wagon/wagon-http-shared/3.5.3/wagon-http-shared-3.5.3.jar:/Users/sergio/.m2/repository/org/codehaus/plexus/plexus-interpolation/1.26/plexus-interpolation-1.26.jar:/Users/sergio/.m2/repository/org/codehaus/plexus/plexus-utils/3.5.1/plexus-utils-3.5.1.jar:/Users/sergio/.m2/repository/org/codehaus/plexus/plexus-xml/4.0.1/plexus-xml-4.0.1.jar:/Users/sergio/.m2/repository/org/apache/maven/maven-xml-impl/4.0.0-alpha-5/maven-xml-impl-4.0.0-alpha-5.jar:/Users/sergio/.m2/repository/org/apache/maven/maven-api-xml/4.0.0-alpha-5/maven-api-xml-4.0.0-alpha-5.jar:/Users/sergio/.m2/repository/org/apache/maven/maven-api-meta/4.0.0-alpha-5/maven-api-meta-4.0.0-alpha-5.jar:/Users/sergio/.m2/repository/org/codehaus/plexus/plexus-cipher/2.0/plexus-cipher-2.0.jar:/Users/sergio/.m2/repository/org/codehaus/plexus/plexus-sec-dispatcher/2.0/plexus-sec-dispatcher-2.0.jar:/Users/sergio/.m2/repository/org/apache/maven/maven-embedder/3.9.9/maven-embedder-3.9.9.jar:/Users/sergio/.m2/repository/org/apache/maven/maven-core/3.9.9/maven-core-3.9.9.jar:/Users/sergio/.m2/repository/org/codehaus/plexus/plexus-component-annotations/2.1.0/plexus-component-annotations-2.1.0.jar:/Users/sergio/.m2/repository/org/apache/maven/maven-plugin-api/3.9.9/maven-plugin-api-3.9.9.jar:/Users/sergio/.m2/repository/org/apache/maven/shared/maven-shared-utils/3.4.2/maven-shared-utils-3.4.2.jar:/Users/sergio/.m2/repository/com/google/inject/guice/5.1.0/guice-5.1.0.jar:/Users/sergio/.m2/repository/aopalliance/aopalliance/1.0/aopalliance-1.0.jar:/Users/sergio/.m2/repository/javax/annotation/javax.annotation-api/1.3.2/javax.annotation-api-1.3.2.jar:/Users/sergio/.m2/repository/org/codehaus/plexus/plexus-classworlds/2.6.0/plexus-classworlds-2.6.0.jar:/Users/sergio/.m2/repository/commons-cli/commons-cli/1.8.0/commons-cli-1.8.0.jar:/Users/sergio/.m2/repository/org/eclipse/sisu/org.eclipse.sisu.plexus/0.9.0.M3/org.eclipse.sisu.plexus-0.9.0.M3.jar:/Users/sergio/.m2/repository/org/apache/maven/maven-settings-builder/3.9.9/maven-settings-builder-3.9.9.jar:/Users/sergio/.m2/repository/org/apache/maven/maven-resolver-provider/3.9.9/maven-resolver-provider-3.9.9.jar:/Users/sergio/.m2/repository/org/apache/maven/resolver/maven-resolver-connector-basic/1.9.22/maven-resolver-connector-basic-1.9.22.jar:/Users/sergio/.m2/repository/org/apache/maven/resolver/maven-resolver-transport-wagon/1.9.22/maven-resolver-transport-wagon-1.9.22.jar:/Users/sergio/.m2/repository/org/apache/maven/wagon/wagon-http/3.5.3/wagon-http-3.5.3.jar:/Users/sergio/.m2/repository/org/apache/maven/wagon/wagon-file/3.5.3/wagon-file-3.5.3.jar:/Users/sergio/.m2/repository/io/quarkus/quarkus-bootstrap-gradle-resolver/3.22.3/quarkus-bootstrap-gradle-resolver-3.22.3.jar:/Users/sergio/.m2/repository/io/smallrye/jandex/3.3.1/jandex-3.3.1.jar:/Users/sergio/.m2/repository/commons-io/commons-io/2.19.0/commons-io-2.19.0.jar:/Users/sergio/.m2/repository/io/quarkus/quarkus-junit5-config/3.22.3/quarkus-junit5-config-3.22.3.jar:/Users/sergio/.m2/repository/org/junit/jupiter/junit-jupiter-api/5.12.2/junit-jupiter-api-5.12.2.jar:/Users/sergio/.m2/repository/org/opentest4j/opentest4j/1.3.0/opentest4j-1.3.0.jar:/Users/sergio/.m2/repository/org/junit/platform/junit-platform-commons/1.12.2/junit-platform-commons-1.12.2.jar:/Users/sergio/.m2/repository/org/apiguardian/apiguardian-api/1.1.2/apiguardian-api-1.1.2.jar:/Users/sergio/.m2/repository/org/junit/jupiter/junit-jupiter/5.12.2/junit-jupiter-5.12.2.jar:/Users/sergio/.m2/repository/org/junit/jupiter/junit-jupiter-params/5.12.2/junit-jupiter-params-5.12.2.jar:/Users/sergio/.m2/repository/org/junit/jupiter/junit-jupiter-engine/5.12.2/junit-jupiter-engine-5.12.2.jar:/Users/sergio/.m2/repository/org/junit/platform/junit-platform-engine/1.12.2/junit-platform-engine-1.12.2.jar:/Users/sergio/.m2/repository/io/rest-assured/rest-assured/5.5.1/rest-assured-5.5.1.jar:/Users/sergio/.m2/repository/org/apache/groovy/groovy/4.0.22/groovy-4.0.22.jar:/Users/sergio/.m2/repository/org/apache/groovy/groovy-xml/4.0.22/groovy-xml-4.0.22.jar:/Users/sergio/.m2/repository/org/apache/httpcomponents/httpclient/4.5.14/httpclient-4.5.14.jar:/Users/sergio/.m2/repository/org/apache/httpcomponents/httpcore/4.4.16/httpcore-4.4.16.jar:/Users/sergio/.m2/repository/commons-codec/commons-codec/1.18.0/commons-codec-1.18.0.jar:/Users/sergio/.m2/repository/org/apache/httpcomponents/httpmime/4.5.14/httpmime-4.5.14.jar:/Users/sergio/.m2/repository/org/hamcrest/hamcrest/2.2/hamcrest-2.2.jar:/Users/sergio/.m2/repository/org/ccil/cowan/tagsoup/tagsoup/1.2.1/tagsoup-1.2.1.jar:/Users/sergio/.m2/repository/io/rest-assured/json-path/5.5.1/json-path-5.5.1.jar:/Users/sergio/.m2/repository/org/apache/groovy/groovy-json/4.0.22/groovy-json-4.0.22.jar:/Users/sergio/.m2/repository/io/rest-assured/rest-assured-common/5.5.1/rest-assured-common-5.5.1.jar:/Users/sergio/.m2/repository/io/rest-assured/xml-path/5.5.1/xml-path-5.5.1.jar:/Users/sergio/.m2/repository/org/apache/commons/commons-lang3/3.17.0/commons-lang3-3.17.0.jar:/Users/sergio/.m2/repository/org/awaitility/awaitility/4.3.0/awaitility-4.3.0.jar:/Users/sergio/.m2/repository/org/assertj/assertj-core/3.22.0/assertj-core-3.22.0.jar:"/>
    <property name="sun.cpu.endian" value="little"/>
    <property name="user.home" value="/Users/sergio"/>
    <property name="user.language" value="es"/>
    <property name="jboss.log-version" value="false"/>
    <property name="java.specification.vendor" value="Oracle Corporation"/>
    <property name="java.version.date" value="2025-04-15"/>
    <property name="java.home" value="/Library/Java/JavaVirtualMachines/graalvm-jdk-24.0.1+9.1/Contents/Home"/>
    <property name="file.separator" value="/"/>
    <property name="basedir" value="/Users/sergio/Desktop/Sergio/Programacion/Java/Quarkus/quarkus-quickstarts/grpc-plain-text-quickstart"/>
    <property name="java.vm.compressedOopsMode" value="Zero based"/>
    <property name="jdk.internal.vm.ci.enabled" value="true"/>
    <property name="line.separator" value="&#10;"/>
    <property name="java.vm.specification.vendor" value="Oracle Corporation"/>
    <property name="java.specification.name" value="Java Platform API Specification"/>
    <property name="apple.awt.application.name" value="ForkedBooter"/>
    <property name="surefire.real.class.path" value="/Users/sergio/Desktop/Sergio/Programacion/Java/Quarkus/quarkus-quickstarts/grpc-plain-text-quickstart/target/surefire/surefirebooter-20250521115403375_3.jar"/>
    <property name="sun.management.compiler" value="HotSpot 64-Bit Tiered Compilers"/>
    <property name="ftp.nonProxyHosts" value="local|*.local|169.254/16|*.169.254/16"/>
    <property name="java.runtime.version" value="24.0.1+9-jvmci-b01"/>
    <property name="user.name" value="sergio"/>
    <property name="stdout.encoding" value="UTF-8"/>
    <property name="path.separator" value=":"/>
    <property name="os.version" value="15.3.2"/>
    <property name="java.runtime.name" value="Java(TM) SE Runtime Environment"/>
    <property name="file.encoding" value="UTF-8"/>
    <property name="native" value="true"/>
    <property name="java.vm.name" value="Java HotSpot(TM) 64-Bit Server VM"/>
    <property name="java.vendor.version" value="Oracle GraalVM 24.0.1+9.1"/>
    <property name="localRepository" value="/Users/sergio/.m2/repository"/>
    <property name="java.vendor.url.bug" value="https://bugreport.java.com/bugreport/"/>
    <property name="java.io.tmpdir" value="/var/folders/rb/2gwj_9pn19z5hwr5v_n7q9hh0000gn/T/"/>
    <property name="java.version" value="24.0.1"/>
    <property name="user.dir" value="/Users/sergio/Desktop/Sergio/Programacion/Java/Quarkus/quarkus-quickstarts/grpc-plain-text-quickstart"/>
    <property name="os.arch" value="aarch64"/>
    <property name="java.vm.specification.name" value="Java Virtual Machine Specification"/>
    <property name="native.encoding" value="UTF-8"/>
    <property name="java.util.logging.manager" value="org.jboss.logmanager.LogManager"/>
    <property name="java.library.path" value="/Users/sergio/Library/Java/Extensions:/Library/Java/Extensions:/Network/Library/Java/Extensions:/System/Library/Java/Extensions:/usr/lib/java:."/>
    <property name="jdk.console" value="java.base"/>
    <property name="java.vm.info" value="mixed mode, sharing"/>
    <property name="stderr.encoding" value="UTF-8"/>
    <property name="java.vendor" value="Oracle Corporation"/>
    <property name="java.vm.version" value="24.0.1+9-jvmci-b01"/>
    <property name="sun.io.unicode.encoding" value="UnicodeBig"/>
    <property name="socksNonProxyHosts" value="local|*.local|169.254/16|*.169.254/16"/>
    <property name="java.class.version" value="68.0"/>
    <property name="quarkus.http.port" value="8081"/>
  </properties>
  <testcase name="testHelloWorldServiceUsingBlockingStub" classname="io.quarkus.grpc.examples.hello.HelloWorldServiceIT" time="0.006"/>
  <testcase name="testHelloWorldServiceUsingMutinyStub" classname="io.quarkus.grpc.examples.hello.HelloWorldServiceIT" time="0.007"/>
</testsuite>